[20:58:28] [main/INFO] (FabricLoader) Loading for game Minecraft 1.16.5
[20:58:29] [main/INFO] (Fabric|Loader) [FabricLoader] Loading 43 mods: fabric-renderer-api-v1@0.3.3+a4467d2a3a, fabric-screen-handler-api-v1@1.1.0+872498413a, minecraft@1.16.5, fabric-networking-blockentity-v0@0.2.5+b50ffc7b3a, fabric-keybindings-v0@0.2.0+3fa9f7c53a, fabric-command-api-v1@1.0.9+a4467d2a3a, fabricloader@0.11.3, fabric-tool-attribute-api-v1@1.2.4+2b4623793a, fabric-structure-api-v1@1.1.0+f8ac1db23a, fabric-renderer-indigo@0.4.3+a4467d2a3a, fabric-containers-v0@0.1.8+045df74f3a, fabric-object-builder-api-v1@1.9.2+a89534ab3a, java@11, fabric-crash-report-info-v1@0.1.2+b7f9825d3a, fabric-item-api-v1@1.2.0+f8ac1db23a, fabric-events-interaction-v0@0.4.1+f8ac1db23a, fabric-game-rule-api-v1@1.0.3+a4467d2a3a, fabric-api-base@0.2.0+9f0fb4b83a, fabric-rendering-v0@1.1.1+f8ac1db23a, fabric-key-binding-api-v1@1.0.1+730711c63a, fabric-rendering-v1@1.3.1+f8ac1db23a, fabric-rendering-data-attachment-v1@0.1.4+f8ac1db23a, fabric-resource-loader-v0@0.3.1+facf3bbf3a, fabric-textures-v0@1.0.5+a4467d2a3a, fabric-content-registries-v0@0.1.9+059ea8663a, fabric-tag-extensions-v0@1.0.3+ac8e8c593a, fabric-biome-api-v1@3.0.0+8367596d3a, fabric-rendering-fluids-v1@0.1.12+f8ac1db23a, fabric-registry-sync-v0@0.6.1+a4467d2a3a, fabric-commands-v0@0.2.0+52d308363a, fabric-blockrenderlayer-v1@1.1.4+c6a8ea893a, fabric-lifecycle-events-v1@1.2.0+74cc3b203a, persistentgamemodeswitcher@1.0-SNAPSHOT, fabric-mining-levels-v0@0.1.2+b764ce993a, fabric-renderer-registries-v1@2.2.0+f8ac1db23a, fabric-loot-tables-v1@1.0.1+432ea1883a, fabric-events-lifecycle-v0@0.2.0+16acbe5b3a, fabric@0.25.1+build.416-1.16, fabric-item-groups-v0@0.2.1+a4467d2a3a, fabric-particles-v1@0.2.2+fb0d9b0e3a, fabric-models-v0@0.1.1+f8ac1db23a, fabric-networking-v0@0.1.10+e00ecb5f3a, fabric-object-builders-v0@0.7.1+a4467d2a3a
[20:58:29] [main/INFO] (mixin) SpongePowered MIXIN Subsystem Version=0.8.2 Source=file:/home/msweet/.gradle/caches/modules-2/files-2.1/net.fabricmc/sponge-mixin/0.9.2+mixin.0.8.2/12c437eebf031967eaa7daad861e115932772cc7/sponge-mixin-0.9.2+mixin.0.8.2.jar Service=Knot/Fabric Env=CLIENT
[20:58:29] [main/INFO] (Fabric|MixinBootstrap) Loaded Fabric development mappings for mixin remapper!
[20:58:30] [main/INFO] (mixin) Remapping refMap fabric-networking-v0-refmap.json using remapper chain
[20:58:30] [main/INFO] (mixin) Remapping refMap fabric-networking-blockentity-v0-refmap.json using remapper chain
[20:58:30] [main/INFO] (mixin) Remapping refMap fabric-screen-handler-api-v1-refmap.json using remapper chain
[20:58:30] [main/INFO] (mixin) Remapping refMap fabric-lifecycle-events-v1-refmap.json using remapper chain
[20:58:30] [main/INFO] (mixin) Remapping refMap fabric-containers-v0-refmap.json using remapper chain
[20:58:30] [main/INFO] (mixin) Remapping refMap fabric-renderer-indigo-refmap.json using remapper chain
[20:58:30] [main/INFO] (mixin) Remapping refMap fabric-rendering-data-attachment-v1-refmap.json using remapper chain
[20:58:30] [main/INFO] (mixin) Remapping refMap fabric-structure-api-v1-refmap.json using remapper chain
[20:58:30] [main/INFO] (mixin) Remapping refMap fabric-item-api-v1-refmap.json using remapper chain
[20:58:30] [main/INFO] (mixin) Remapping refMap fabric-events-interaction-v0-refmap.json using remapper chain
[20:58:30] [main/INFO] (mixin) Remapping refMap fabric-loot-tables-v1-refmap.json using remapper chain
[20:58:30] [main/INFO] (mixin) Remapping refMap fabric-object-builder-api-v1-refmap.json using remapper chain
[20:58:30] [main/INFO] (mixin) Remapping refMap fabric-renderer-registries-v1-refmap.json using remapper chain
[20:58:30] [main/INFO] (mixin) Remapping refMap fabric-textures-v0-refmap.json using remapper chain
[20:58:30] [main/INFO] (mixin) Remapping refMap fabric-registry-sync-v0-refmap.json using remapper chain
[20:58:30] [main/INFO] (mixin) Remapping refMap fabric-models-v0-refmap.json using remapper chain
[20:58:30] [main/INFO] (mixin) Remapping refMap fabric-blockrenderlayer-v1-refmap.json using remapper chain
[20:58:30] [main/INFO] (mixin) Remapping refMap fabric-renderer-api-v1-refmap.json using remapper chain
[20:58:30] [main/INFO] (mixin) Remapping refMap fabric-containers-v0-refmap.json using remapper chain
[20:58:30] [main/INFO] (mixin) Remapping refMap fabric-rendering-fluids-v1-refmap.json using remapper chain
[20:58:30] [main/INFO] (mixin) Remapping refMap fabric-biome-api-v1-refmap.json using remapper chain
[20:58:30] [main/INFO] (mixin) Remapping refMap fabric-resource-loader-v0-refmap.json using remapper chain
[20:58:30] [main/INFO] (mixin) Remapping refMap fabric-game-rule-api-v1-refmap.json using remapper chain
[20:58:30] [main/INFO] (mixin) Remapping refMap fabric-particles-v1-refmap.json using remapper chain
[20:58:30] [main/INFO] (mixin) Remapping refMap fabric-object-builders-refmap.json using remapper chain
[20:58:30] [main/INFO] (mixin) Remapping refMap fabric-tag-extensions-v0-refmap.json using remapper chain
[20:58:30] [main/INFO] (mixin) Remapping refMap fabric-tool-attribute-api-v1-refmap.json using remapper chain
[20:58:30] [main/INFO] (mixin) Remapping refMap fabric-rendering-v1-refmap.json using remapper chain
[20:58:30] [main/INFO] (mixin) Remapping refMap fabric-item-groups-v0-refmap.json using remapper chain
[20:58:30] [main/INFO] (mixin) Remapping refMap fabric-content-registries-v0-refmap.json using remapper chain
[20:58:30] [main/INFO] (mixin) Remapping refMap fabric-command-api-v1-refmap.json using remapper chain
[20:58:30] [main/INFO] (mixin) Remapping refMap fabric-crash-report-info-v1-refmap.json using remapper chain
[20:58:30] [main/INFO] (mixin) Remapping refMap fabric-key-binding-api-v1-refmap.json using remapper chain
[20:58:30] [main/INFO] (mixin) Remapping refMap fabric-renderer-api-v1-refmap.json using remapper chain
[20:58:30] [main/WARN] (mixin) @Mixin target net/minecraft/server/world/ThreadedAnvilChunkStorage$EntityTracker is public in fabric-networking-v0.mixins.json:MixinEntityTracker and should be specified in value
[20:58:30] [main/WARN] (mixin) @Mixin target net/minecraft/client/render/block/BlockModelRenderer$AmbientOcclusionCalculator is public in fabric-renderer-indigo.mixins.json:MixinAmbientOcclusionCalculator and should be specified in value
[20:58:30] [main/WARN] (mixin) @Mixin target net/minecraft/client/render/chunk/ChunkBuilder$BuiltChunk$RebuildTask is public in fabric-renderer-indigo.mixins.json:MixinChunkRebuildTask and should be specified in value
[20:58:30] [main/WARN] (mixin) @Mixin target net/minecraft/village/TradeOffers$TypeAwareBuyForOneEmeraldFactory is public in fabric-object-builder-v1.mixins.json:TypeAwareTradeMixin and should be specified in value
[20:58:30] [main/WARN] (mixin) @Mixin target net/minecraft/server/command/GameRuleCommand$1 is public in fabric-game-rule-api-v1.mixins.json:GameRuleCommandVisitorMixin and should be specified in value
[20:58:30] [main/WARN] (mixin) @Mixin target net/minecraft/client/gui/screen/world/EditGameRulesScreen$RuleListWidget$1 is public in fabric-game-rule-api-v1.mixins.json:client.RuleListWidgetVisitorMixin and should be specified in value
[20:58:30] [main/WARN] (mixin) @Mixin target net/minecraft/client/particle/ParticleManager$SimpleSpriteProvider is public in fabric-particles-v1.mixins.json:ParticleManagerAccessor$SimpleSpriteProviderAccessor and should be specified in value
[20:58:30] [main/WARN] (mixin) @Mixin target net/minecraft/tag/Tag$1 is public in fabric-tag-extensions-v0.mixins.json:MixinTagImpl and should be specified in value
[20:58:30] [main/WARN] (mixin) @Mixin target net/minecraft/tag/RequiredTagList$TagWrapper is public in fabric-tag-extensions-v0.mixins.json:MixinTagImpl and should be specified in value
[20:58:40] [main/INFO] (Minecraft) Environment: authHost='https://authserver.mojang.com', accountsHost='https://api.mojang.com', sessionHost='https://sessionserver.mojang.com', servicesHost='https://api.minecraftservices.com', name='PROD'
[20:58:41] [main/ERROR] (Minecraft) Failed to verify authentication
com.mojang.authlib.exceptions.AuthenticationUnavailableException: null
	at com.mojang.authlib.yggdrasil.YggdrasilSocialInteractionsService.checkPrivileges(YggdrasilSocialInteractionsService.java:97) ~[authlib-2.1.28.jar:?]
	at com.mojang.authlib.yggdrasil.YggdrasilSocialInteractionsService.<init>(YggdrasilSocialInteractionsService.java:40) ~[authlib-2.1.28.jar:?]
	at com.mojang.authlib.yggdrasil.YggdrasilAuthenticationService.createSocialInteractionsService(YggdrasilAuthenticationService.java:152) ~[authlib-2.1.28.jar:?]
	at net.minecraft.client.MinecraftClient.method_31382(MinecraftClient.java:563) [minecraft-1.16.5-mapped-net.fabricmc.yarn-1.16.5+build.6-v2.jar:?]
	at net.minecraft.client.MinecraftClient.<init>(MinecraftClient.java:398) [minecraft-1.16.5-mapped-net.fabricmc.yarn-1.16.5+build.6-v2.jar:?]
	at net.minecraft.client.main.Main.main(Main.java:149) [minecraft-1.16.5-mapped-net.fabricmc.yarn-1.16.5+build.6-v2.jar:?]
	at jdk.internal.reflect.NativeMethodAccessorImpl.invoke0(Native Method) ~[?:?]
	at jdk.internal.reflect.NativeMethodAccessorImpl.invoke(NativeMethodAccessorImpl.java:62) ~[?:?]
	at jdk.internal.reflect.DelegatingMethodAccessorImpl.invoke(DelegatingMethodAccessorImpl.java:43) ~[?:?]
	at java.lang.reflect.Method.invoke(Method.java:566) ~[?:?]
	at net.fabricmc.loader.game.MinecraftGameProvider.launch(MinecraftGameProvider.java:226) [fabric-loader-0.11.3.jar:?]
	at net.fabricmc.loader.launch.knot.Knot.launch(Knot.java:146) [fabric-loader-0.11.3.jar:?]
	at net.fabricmc.loader.launch.knot.KnotClient.main(KnotClient.java:28) [fabric-loader-0.11.3.jar:?]
	at net.fabricmc.devlaunchinjector.Main.main(Main.java:86) [dev-launch-injector-0.2.1+build.8.jar:?]
[20:58:41] [main/INFO] (Minecraft) Setting user: Player77
[20:58:42] [main/INFO] (Indigo) [Indigo] Registering Indigo renderer!
[20:58:43] [main/INFO] (Minecraft) Backend library: LWJGL version 3.2.2 build 10
[20:58:44] [main/WARN] (ModNioResourcePack) Fabric NioResourcePack: ignored invalid namespace: PersistentGamemodeSwitcher in mod ID persistentgamemodeswitcher
[20:58:46] [main/WARN] (Minecraft) ERROR : Couldn't load Narrator library : Unable to load library 'fliteWrapper': Native library (linux-x86-64/libfliteWrapper.so) not found in resource path (/mnt/sda1/IntellIJ IDEA Workspace/project/LastTray/PersistentGamemodeSwitcher/build/classes/java/main:/mnt/sda1/IntellIJ IDEA Workspace/project/LastTray/PersistentGamemodeSwitcher/build/resources/main:/home/msweet/.gradle/caches/fabric-loom/yarn-1.16.5+build.6-v2-final.jar:/home/msweet/.gradle/caches/modules-2/files-2.1/net.fabricmc/tiny-mappings-parser/0.2.2.14/b7020df2520820f670dfaedd2cf23666d24a2aa8/tiny-mappings-parser-0.2.2.14.jar:/home/msweet/.gradle/caches/modules-2/files-2.1/net.fabricmc/sponge-mixin/0.9.2+mixin.0.8.2/12c437eebf031967eaa7daad861e115932772cc7/sponge-mixin-0.9.2+mixin.0.8.2.jar:/home/msweet/.gradle/caches/modules-2/files-2.1/net.fabricmc/tiny-remapper/0.3.0.70/8a79e9b88fbc6b49dc4312bb1efcf6c4a8c818df/tiny-remapper-0.3.0.70.jar:/home/msweet/.gradle/caches/modules-2/files-2.1/net.fabricmc/access-widener/1.0.0/22264da061b12132ecfe15f68e0a90a11b14e6f9/access-widener-1.0.0.jar:/home/msweet/.gradle/caches/modules-2/files-2.1/net.fabricmc/fabric-loader-sat4j/2.3.5.4/f8fe5353909430b5845ae24ea1e01d83f12ad916/fabric-loader-sat4j-2.3.5.4.jar:/home/msweet/.gradle/caches/modules-2/files-2.1/com.google.jimfs/jimfs/1.2-fabric/c3705f1acc511edb8ad4fd4e86ae4634a25315bb/jimfs-1.2-fabric.jar:/home/msweet/.gradle/caches/modules-2/files-2.1/org.ow2.asm/asm/9.1/a99500cf6eea30535eeac6be73899d048f8d12a8/asm-9.1.jar:/home/msweet/.gradle/caches/modules-2/files-2.1/org.ow2.asm/asm-analysis/9.1/4f61b83b81d8b659958f4bcc48907e93ecea55a0/asm-analysis-9.1.jar:/home/msweet/.gradle/caches/modules-2/files-2.1/org.ow2.asm/asm-commons/9.1/8b971b182eb5cf100b9e8d4119152d83e00e0fdd/asm-commons-9.1.jar:/home/msweet/.gradle/caches/modules-2/files-2.1/org.ow2.asm/asm-tree/9.1/c333f2a855069cb8eb17a40a3eb8b1b67755d0eb/asm-tree-9.1.jar:/home/msweet/.gradle/caches/modules-2/files-2.1/org.ow2.asm/asm-util/9.1/36464a45d871779f3383a8a9aba2b26562a86729/asm-util-9.1.jar:/home/msweet/.gradle/caches/modules-2/files-2.1/net.fabricmc/dev-launch-injector/0.2.1+build.8/da8bef7e6e2f952da707f282bdb46882a0fce5e3/dev-launch-injector-0.2.1+build.8.jar:/home/msweet/.gradle/caches/modules-2/files-2.1/net.minecrell/terminalconsoleappender/1.2.0/96d02cd3b384ff015a8fef4223bcb4ccf1717c95/terminalconsoleappender-1.2.0.jar:/home/msweet/.gradle/caches/modules-2/files-2.1/com.mojang/patchy/1.1/aef610b34a1be37fa851825f12372b78424d8903/patchy-1.1.jar:/home/msweet/.gradle/caches/modules-2/files-2.1/oshi-project/oshi-core/1.1/9ddf7b048a8d701be231c0f4f95fd986198fd2d8/oshi-core-1.1.jar:/home/msweet/.gradle/caches/modules-2/files-2.1/net.java.dev.jna/jna/4.4.0/cb208278274bf12ebdb56c61bd7407e6f774d65a/jna-4.4.0.jar:/home/msweet/.gradle/caches/modules-2/files-2.1/net.java.dev.jna/platform/3.4.0/e3f70017be8100d3d6923f50b3d2ee17714e9c13/platform-3.4.0.jar:/home/msweet/.gradle/caches/modules-2/files-2.1/com.ibm.icu/icu4j/66.1/72c7519b6d91f7a1f993bd44a99fe95d67211b27/icu4j-66.1.jar:/home/msweet/.gradle/caches/modules-2/files-2.1/com.mojang/javabridge/1.0.22/6aa6453aa99a52a5cd91749da1af6ab70e082ab3/javabridge-1.0.22.jar:/home/msweet/.gradle/caches/modules-2/files-2.1/net.sf.jopt-simple/jopt-simple/5.0.3/cdd846cfc4e0f7eefafc02c0f5dce32b9303aa2a/jopt-simple-5.0.3.jar:/home/msweet/.gradle/caches/modules-2/files-2.1/io.netty/netty-all/4.1.25.Final/d0626cd3108294d1d58c05859add27b4ef21f83b/netty-all-4.1.25.Final.jar:/home/msweet/.gradle/caches/modules-2/files-2.1/com.google.guava/guava/21.0/3a3d111be1be1b745edfa7d91678a12d7ed38709/guava-21.0.jar:/home/msweet/.gradle/caches/modules-2/files-2.1/org.apache.commons/commons-lang3/3.5/6c6c702c89bfff3cd9e80b04d668c5e190d588c6/commons-lang3-3.5.jar:/home/msweet/.gradle/caches/modules-2/files-2.1/commons-io/commons-io/2.5/2852e6e05fbb95076fc091f6d1780f1f8fe35e0f/commons-io-2.5.jar:/home/msweet/.gradle/caches/modules-2/files-2.1/commons-codec/commons-codec/1.10/4b95f4897fa13f2cd904aee711aeafc0c5295cd8/commons-codec-1.10.jar:/home/msweet/.gradle/caches/modules-2/files-2.1/net.java.jinput/jinput/2.0.5/39c7796b469a600f72380316f6b1f11db6c2c7c4/jinput-2.0.5.jar:/home/msweet/.gradle/caches/modules-2/files-2.1/net.java.jutils/jutils/1.0.0/e12fe1fda814bd348c1579329c86943d2cd3c6a6/jutils-1.0.0.jar:/home/msweet/.gradle/caches/modules-2/files-2.1/com.mojang/brigadier/1.0.17/c6b7dc51dd44379cc751b7504816006e9be4b1e6/brigadier-1.0.17.jar:/home/msweet/.gradle/caches/modules-2/files-2.1/com.mojang/datafixerupper/4.0.26/ebd6690f33871ccee9b6132c6480668ee2e35020/datafixerupper-4.0.26.jar:/home/msweet/.gradle/caches/modules-2/files-2.1/com.google.code.gson/gson/2.8.0/c4ba5371a29ac9b2ad6129b1d39ea38750043eff/gson-2.8.0.jar:/home/msweet/.gradle/caches/modules-2/files-2.1/com.mojang/authlib/2.1.28/ad54da276bf59983d02d5ed16fc14541354c71fd/authlib-2.1.28.jar:/home/msweet/.gradle/caches/modules-2/files-2.1/org.apache.commons/commons-compress/1.8.1/a698750c16740fd5b3871425f4cb3bbaa87f529d/commons-compress-1.8.1.jar:/home/msweet/.gradle/caches/modules-2/files-2.1/org.apache.httpcomponents/httpclient/4.3.3/18f4247ff4572a074444572cee34647c43e7c9c7/httpclient-4.3.3.jar:/home/msweet/.gradle/caches/modules-2/files-2.1/commons-logging/commons-logging/1.1.3/f6f66e966c70a83ffbdb6f17a0919eaf7c8aca7f/commons-logging-1.1.3.jar:/home/msweet/.gradle/caches/modules-2/files-2.1/org.apache.httpcomponents/httpcore/4.3.2/31fbbff1ddbf98f3aa7377c94d33b0447c646b6e/httpcore-4.3.2.jar:/home/msweet/.gradle/caches/modules-2/files-2.1/it.unimi.dsi/fastutil/8.2.1/5ad88f325e424f8dbc2be5459e21ea5cab3864e9/fastutil-8.2.1.jar:/home/msweet/.gradle/caches/modules-2/files-2.1/org.apache.logging.log4j/log4j-api/2.8.1/e801d13612e22cad62a3f4f3fe7fdbe6334a8e72/log4j-api-2.8.1.jar:/home/msweet/.gradle/caches/modules-2/files-2.1/org.apache.logging.log4j/log4j-core/2.8.1/4ac28ff2f1ddf05dae3043a190451e8c46b73c31/log4j-core-2.8.1.jar:/home/msweet/.gradle/caches/modules-2/files-2.1/org.lwjgl/lwjgl/3.2.2/8ad6294407e15780b43e84929c40e4c5e997972e/lwjgl-3.2.2.jar:/home/msweet/.gradle/caches/modules-2/files-2.1/org.lwjgl/lwjgl-jemalloc/3.2.2/ee8e57a79300f78294576d87c4a587f8c99402e2/lwjgl-jemalloc-3.2.2.jar:/home/msweet/.gradle/caches/modules-2/files-2.1/org.lwjgl/lwjgl-openal/3.2.2/2b772a102b0a11ee5f2109a5b136f4dc7c630827/lwjgl-openal-3.2.2.jar:/home/msweet/.gradle/caches/modules-2/files-2.1/org.lwjgl/lwjgl-opengl/3.2.2/6ac5bb88b44c43ea195a570aab059f63da004cd8/lwjgl-opengl-3.2.2.jar:/home/msweet/.gradle/caches/modules-2/files-2.1/org.lwjgl/lwjgl-glfw/3.2.2/d3ad4df38e400b8afba1de63f84338809399df5b/lwjgl-glfw-3.2.2.jar:/home/msweet/.gradle/caches/modules-2/files-2.1/org.lwjgl/lwjgl-stb/3.2.2/3b8e6ebc5851dd3d17e37e5cadce2eff2a429f0f/lwjgl-stb-3.2.2.jar:/home/msweet/.gradle/caches/modules-2/files-2.1/org.lwjgl/lwjgl-tinyfd/3.2.2/fcbe606c8f8da6f8f9a05e2c540eb1ee8632b0e9/lwjgl-tinyfd-3.2.2.jar:/home/msweet/.gradle/caches/modules-2/files-2.1/com.mojang/text2speech/1.11.3/f378f889797edd7df8d32272c06ca80a1b6b0f58/text2speech-1.11.3.jar:/home/msweet/.gradle/caches/modules-2/files-2.1/ca.weblite/java-objc-bridge/1.0.0/6ef160c3133a78de015830860197602ca1c855d3/java-objc-bridge-1.0.0.jar:/home/msweet/.gradle/caches/fabric-loom/1.16.5-mapped-net.fabricmc.yarn-1.16.5+build.6-v2/minecraft-1.16.5-mapped-net.fabricmc.yarn-1.16.5+build.6-v2.jar:/mnt/sda1/IntellIJ IDEA Workspace/project/LastTray/PersistentGamemodeSwitcher/.gradle/loom-cache/remapped_mods/net_fabricmc_yarn_1_16_5_1_16_5_build_6_v2/net/fabricmc/fabric-api/fabric-api/0.25.1+build.416-1.16/fabric-api-0.25.1+build.416-1.16.jar:/mnt/sda1/IntellIJ IDEA Workspace/project/LastTray/PersistentGamemodeSwitcher/.gradle/loom-cache/remapped_mods/net_fabricmc_yarn_1_16_5_1_16_5_build_6_v2/net/fabricmc/fabric-api/fabric-api-base/0.2.0+9f0fb4b83a/fabric-api-base-0.2.0+9f0fb4b83a.jar:/mnt/sda1/IntellIJ IDEA Workspace/project/LastTray/PersistentGamemodeSwitcher/.gradle/loom-cache/remapped_mods/net_fabricmc_yarn_1_16_5_1_16_5_build_6_v2/net/fabricmc/fabric-api/fabric-biome-api-v1/3.0.0+8367596d3a/fabric-biome-api-v1-3.0.0+8367596d3a.jar:/mnt/sda1/IntellIJ IDEA Workspace/project/LastTray/PersistentGamemodeSwitcher/.gradle/loom-cache/remapped_mods/net_fabricmc_yarn_1_16_5_1_16_5_build_6_v2/net/fabricmc/fabric-api/fabric-blockrenderlayer-v1/1.1.4+c6a8ea893a/fabric-blockrenderlayer-v1-1.1.4+c6a8ea893a.jar:/mnt/sda1/IntellIJ IDEA Workspace/project/LastTray/PersistentGamemodeSwitcher/.gradle/loom-cache/remapped_mods/net_fabricmc_yarn_1_16_5_1_16_5_build_6_v2/net/fabricmc/fabric-api/fabric-command-api-v1/1.0.9+a4467d2a3a/fabric-command-api-v1-1.0.9+a4467d2a3a.jar:/mnt/sda1/IntellIJ IDEA Workspace/project/LastTray/PersistentGamemodeSwitcher/.gradle/loom-cache/remapped_mods/net_fabricmc_yarn_1_16_5_1_16_5_build_6_v2/net/fabricmc/fabric-api/fabric-commands-v0/0.2.0+52d308363a/fabric-commands-v0-0.2.0+52d308363a.jar:/mnt/sda1/IntellIJ IDEA Workspace/project/LastTray/PersistentGamemodeSwitcher/.gradle/loom-cache/remapped_mods/net_fabricmc_yarn_1_16_5_1_16_5_build_6_v2/net/fabricmc/fabric-api/fabric-containers-v0/0.1.8+045df74f3a/fabric-containers-v0-0.1.8+045df74f3a.jar:/mnt/sda1/IntellIJ IDEA Workspace/project/LastTray/PersistentGamemodeSwitcher/.gradle/loom-cache/remapped_mods/net_fabricmc_yarn_1_16_5_1_16_5_build_6_v2/net/fabricmc/fabric-api/fabric-content-registries-v0/0.1.9+059ea8663a/fabric-content-registries-v0-0.1.9+059ea8663a.jar:/mnt/sda1/IntellIJ IDEA Workspace/project/LastTray/PersistentGamemodeSwitcher/.gradle/loom-cache/remapped_mods/net_fabricmc_yarn_1_16_5_1_16_5_build_6_v2/net/fabricmc/fabric-api/fabric-crash-report-info-v1/0.1.2+b7f9825d3a/fabric-crash-report-info-v1-0.1.2+b7f9825d3a.jar:/mnt/sda1/IntellIJ IDEA Workspace/project/LastTray/PersistentGamemodeSwitcher/.gradle/loom-cache/remapped_mods/net_fabricmc_yarn_1_16_5_1_16_5_build_6_v2/net/fabricmc/fabric-api/fabric-events-interaction-v0/0.4.1+f8ac1db23a/fabric-events-interaction-v0-0.4.1+f8ac1db23a.jar:/mnt/sda1/IntellIJ IDEA Workspace/project/LastTray/PersistentGamemodeSwitcher/.gradle/loom-cache/remapped_mods/net_fabricmc_yarn_1_16_5_1_16_5_build_6_v2/net/fabricmc/fabric-api/fabric-events-lifecycle-v0/0.2.0+16acbe5b3a/fabric-events-lifecycle-v0-0.2.0+16acbe5b3a.jar:/mnt/sda1/IntellIJ IDEA Workspace/project/LastTray/PersistentGamemodeSwitcher/.gradle/loom-cache/remapped_mods/net_fabricmc_yarn_1_16_5_1_16_5_build_6_v2/net/fabricmc/fabric-api/fabric-game-rule-api-v1/1.0.3+a4467d2a3a/fabric-game-rule-api-v1-1.0.3+a4467d2a3a.jar:/mnt/sda1/IntellIJ IDEA Workspace/project/LastTray/PersistentGamemodeSwitcher/.gradle/loom-cache/remapped_mods/net_fabricmc_yarn_1_16_5_1_16_5_build_6_v2/net/fabricmc/fabric-api/fabric-item-api-v1/1.2.0+f8ac1db23a/fabric-item-api-v1-1.2.0+f8ac1db23a.jar:/mnt/sda1/IntellIJ IDEA Workspace/project/LastTray/PersistentGamemodeSwitcher/.gradle/loom-cache/remapped_mods/net_fabricmc_yarn_1_16_5_1_16_5_build_6_v2/net/fabricmc/fabric-api/fabric-item-groups-v0/0.2.1+a4467d2a3a/fabric-item-groups-v0-0.2.1+a4467d2a3a.jar:/mnt/sda1/IntellIJ IDEA Workspace/project/LastTray/PersistentGamemodeSwitcher/.gradle/loom-cache/remapped_mods/net_fabricmc_yarn_1_16_5_1_16_5_build_6_v2/net/fabricmc/fabric-api/fabric-key-binding-api-v1/1.0.1+730711c63a/fabric-key-binding-api-v1-1.0.1+730711c63a.jar:/mnt/sda1/IntellIJ IDEA Workspace/project/LastTray/PersistentGamemodeSwitcher/.gradle/loom-cache/remapped_mods/net_fabricmc_yarn_1_16_5_1_16_5_build_6_v2/net/fabricmc/fabric-api/fabric-keybindings-v0/0.2.0+3fa9f7c53a/fabric-keybindings-v0-0.2.0+3fa9f7c53a.jar:/mnt/sda1/IntellIJ IDEA Workspace/project/LastTray/PersistentGamemodeSwitcher/.gradle/loom-cache/remapped_mods/net_fabricmc_yarn_1_16_5_1_16_5_build_6_v2/net/fabricmc/fabric-api/fabric-lifecycle-events-v1/1.2.0+74cc3b203a/fabric-lifecycle-events-v1-1.2.0+74cc3b203a.jar:/mnt/sda1/IntellIJ IDEA Workspace/project/LastTray/PersistentGamemodeSwitcher/.gradle/loom-cache/remapped_mods/net_fabricmc_yarn_1_16_5_1_16_5_build_6_v2/net/fabricmc/fabric-api/fabric-loot-tables-v1/1.0.1+432ea1883a/fabric-loot-tables-v1-1.0.1+432ea1883a.jar:/mnt/sda1/IntellIJ IDEA Workspace/project/LastTray/PersistentGamemodeSwitcher/.gradle/loom-cache/remapped_mods/net_fabricmc_yarn_1_16_5_1_16_5_build_6_v2/net/fabricmc/fabric-api/fabric-mining-levels-v0/0.1.2+b764ce993a/fabric-mining-levels-v0-0.1.2+b764ce993a.jar:/mnt/sda1/IntellIJ IDEA Workspace/project/LastTray/PersistentGamemodeSwitcher/.gradle/loom-cache/remapped_mods/net_fabricmc_yarn_1_16_5_1_16_5_build_6_v2/net/fabricmc/fabric-api/fabric-models-v0/0.1.1+f8ac1db23a/fabric-models-v0-0.1.1+f8ac1db23a.jar:/mnt/sda1/IntellIJ IDEA Workspace/project/LastTray/PersistentGamemodeSwitcher/.gradle/loom-cache/remapped_mods/net_fabricmc_yarn_1_16_5_1_16_5_build_6_v2/net/fabricmc/fabric-api/fabric-networking-blockentity-v0/0.2.5+b50ffc7b3a/fabric-networking-blockentity-v0-0.2.5+b50ffc7b3a.jar:/mnt/sda1/IntellIJ IDEA Workspace/project/LastTray/PersistentGamemodeSwitcher/.gradle/loom-cache/remapped_mods/net_fabricmc_yarn_1_16_5_1_16_5_build_6_v2/net/fabricmc/fabric-api/fabric-networking-v0/0.1.10+e00ecb5f3a/fabric-networking-v0-0.1.10+e00ecb5f3a.jar:/mnt/sda1/IntellIJ IDEA Workspace/project/LastTray/PersistentGamemodeSwitcher/.gradle/loom-cache/remapped_mods/net_fabricmc_yarn_1_16_5_1_16_5_build_6_v2/net/fabricmc/fabric-api/fabric-object-builder-api-v1/1.9.2+a89534ab3a/fabric-object-builder-api-v1-1.9.2+a89534ab3a.jar:/mnt/sda1/IntellIJ IDEA Workspace/project/LastTray/PersistentGamemodeSwitcher/.gradle/loom-cache/remapped_mods/net_fabricmc_yarn_1_16_5_1_16_5_build_6_v2/net/fabricmc/fabric-api/fabric-object-builders-v0/0.7.1+a4467d2a3a/fabric-object-builders-v0-0.7.1+a4467d2a3a.jar:/mnt/sda1/IntellIJ IDEA Workspace/project/LastTray/PersistentGamemodeSwitcher/.gradle/loom-cache/remapped_mods/net_fabricmc_yarn_1_16_5_1_16_5_build_6_v2/net/fabricmc/fabric-api/fabric-particles-v1/0.2.2+fb0d9b0e3a/fabric-particles-v1-0.2.2+fb0d9b0e3a.jar:/mnt/sda1/IntellIJ IDEA Workspace/project/LastTray/PersistentGamemodeSwitcher/.gradle/loom-cache/remapped_mods/net_fabricmc_yarn_1_16_5_1_16_5_build_6_v2/net/fabricmc/fabric-api/fabric-registry-sync-v0/0.6.1+a4467d2a3a/fabric-registry-sync-v0-0.6.1+a4467d2a3a.jar:/mnt/sda1/IntellIJ IDEA Workspace/project/LastTray/PersistentGamemodeSwitcher/.gradle/loom-cache/remapped_mods/net_fabricmc_yarn_1_16_5_1_16_5_build_6_v2/net/fabricmc/fabric-api/fabric-renderer-api-v1/0.3.3+a4467d2a3a/fabric-renderer-api-v1-0.3.3+a4467d2a3a.jar:/mnt/sda1/IntellIJ IDEA Workspace/project/LastTray/PersistentGamemodeSwitcher/.gradle/loom-cache/remapped_mods/net_fabricmc_yarn_1_16_5_1_16_5_build_6_v2/net/fabricmc/fabric-api/fabric-renderer-indigo/0.4.3+a4467d2a3a/fabric-renderer-indigo-0.4.3+a4467d2a3a.jar:/mnt/sda1/IntellIJ IDEA Workspace/project/LastTray/PersistentGamemodeSwitcher/.gradle/loom-cache/remapped_mods/net_fabricmc_yarn_1_16_5_1_16_5_build_6_v2/net/fabricmc/fabric-api/fabric-renderer-registries-v1/2.2.0+f8ac1db23a/fabric-renderer-registries-v1-2.2.0+f8ac1db23a.jar:/mnt/sda1/IntellIJ IDEA Workspace/project/LastTray/PersistentGamemodeSwitcher/.gradle/loom-cache/remapped_mods/net_fabricmc_yarn_1_16_5_1_16_5_build_6_v2/net/fabricmc/fabric-api/fabric-rendering-data-attachment-v1/0.1.4+f8ac1db23a/fabric-rendering-data-attachment-v1-0.1.4+f8ac1db23a.jar:/mnt/sda1/IntellIJ IDEA Workspace/project/LastTray/PersistentGamemodeSwitcher/.gradle/loom-cache/remapped_mods/net_fabricmc_yarn_1_16_5_1_16_5_build_6_v2/net/fabricmc/fabric-api/fabric-rendering-fluids-v1/0.1.12+f8ac1db23a/fabric-rendering-fluids-v1-0.1.12+f8ac1db23a.jar:/mnt/sda1/IntellIJ IDEA Workspace/project/LastTray/PersistentGamemodeSwitcher/.gradle/loom-cache/remapped_mods/net_fabricmc_yarn_1_16_5_1_16_5_build_6_v2/net/fabricmc/fabric-api/fabric-rendering-v0/1.1.1+f8ac1db23a/fabric-rendering-v0-1.1.1+f8ac1db23a.jar:/mnt/sda1/IntellIJ IDEA Workspace/project/LastTray/PersistentGamemodeSwitcher/.gradle/loom-cache/remapped_mods/net_fabricmc_yarn_1_16_5_1_16_5_build_6_v2/net/fabricmc/fabric-api/fabric-rendering-v1/1.3.1+f8ac1db23a/fabric-rendering-v1-1.3.1+f8ac1db23a.jar:/mnt/sda1/IntellIJ IDEA Workspace/project/LastTray/PersistentGamemodeSwitcher/.gradle/loom-cache/remapped_mods/net_fabricmc_yarn_1_16_5_1_16_5_build_6_v2/net/fabricmc/fabric-api/fabric-resource-loader-v0/0.3.1+facf3bbf3a/fabric-resource-loader-v0-0.3.1+facf3bbf3a.jar:/mnt/sda1/IntellIJ IDEA Workspace/project/LastTray/PersistentGamemodeSwitcher/.gradle/loom-cache/remapped_mods/net_fabricmc_yarn_1_16_5_1_16_5_build_6_v2/net/fabricmc/fabric-api/fabric-screen-handler-api-v1/1.1.0+872498413a/fabric-screen-handler-api-v1-1.1.0+872498413a.jar:/mnt/sda1/IntellIJ IDEA Workspace/project/LastTray/PersistentGamemodeSwitcher/.gradle/loom-cache/remapped_mods/net_fabricmc_yarn_1_16_5_1_16_5_build_6_v2/net/fabricmc/fabric-api/fabric-structure-api-v1/1.1.0+f8ac1db23a/fabric-structure-api-v1-1.1.0+f8ac1db23a.jar:/mnt/sda1/IntellIJ IDEA Workspace/project/LastTray/PersistentGamemodeSwitcher/.gradle/loom-cache/remapped_mods/net_fabricmc_yarn_1_16_5_1_16_5_build_6_v2/net/fabricmc/fabric-api/fabric-tag-extensions-v0/1.0.3+ac8e8c593a/fabric-tag-extensions-v0-1.0.3+ac8e8c593a.jar:/mnt/sda1/IntellIJ IDEA Workspace/project/LastTray/PersistentGamemodeSwitcher/.gradle/loom-cache/remapped_mods/net_fabricmc_yarn_1_16_5_1_16_5_build_6_v2/net/fabricmc/fabric-api/fabric-textures-v0/1.0.5+a4467d2a3a/fabric-textures-v0-1.0.5+a4467d2a3a.jar:/mnt/sda1/IntellIJ IDEA Workspace/project/LastTray/PersistentGamemodeSwitcher/.gradle/loom-cache/remapped_mods/net_fabricmc_yarn_1_16_5_1_16_5_build_6_v2/net/fabricmc/fabric-api/fabric-tool-attribute-api-v1/1.2.4+2b4623793a/fabric-tool-attribute-api-v1-1.2.4+2b4623793a.jar:/mnt/sda1/IntellIJ IDEA Workspace/project/LastTray/PersistentGamemodeSwitcher/.gradle/loom-cache/remapped_mods/net_fabricmc_yarn_1_16_5_1_16_5_build_6_v2/net/fabricmc/fabric-loader/0.11.3/fabric-loader-0.11.3.jar:/home/msweet/.gradle/caches/modules-2/files-2.1/org.jline/jline-reader/3.12.1/4382ab1382c7b6f379377ed5f665dc2f6e1218bc/jline-reader-3.12.1.jar:/home/msweet/.gradle/caches/modules-2/files-2.1/org.jline/jline-terminal/3.12.1/c777448314e050d980a6b697c140f3bfe9eb7416/jline-terminal-3.12.1.jar)
[20:58:46] [main/INFO] (Minecraft) Reloading ResourceManager: Default, Fabric Renderer API (v1), Fabric Screen Handler API (v1), Fabric Networking Block Entity (v0), Fabric Key Bindings (v0), Fabric Command API (v1), Fabric Loader, Fabric Tool Attribute API (v1), Fabric Renderer - Indigo, Fabric Containers (v0), Fabric Object Builder API (v1), Fabric Crash Report Info (v1), Fabric Item API (v1), Fabric Events Interaction (v0), Fabric Game Rule API (v1), Fabric API Base, Fabric Rendering (v0), Fabric Key Binding API (v1), Fabric Rendering (v1), Fabric Rendering Data Attachment (v1), Fabric Resource Loader (v0), Fabric Textures (v0), Fabric Content Registries (v0), Fabric Tag Extensions (v0), Fabric Biome API (v1), Fabric Rendering Fluids (v1), Fabric Registry Sync (v0), Fabric BlockRenderLayer Registration (v1), Fabric Lifecycle Events (v1), Fabric Mining Levels (v0), Fabric Renderer Registries (v1), Fabric Events Lifecycle (v0), Fabric Loot Tables (v1), Fabric API, Fabric Item Groups (v0), Fabric Models (v0), Fabric Object Builders (v0), Fabric Networking (v0)
[20:58:47] [Realms Notification Availability checker #1/INFO] (Minecraft) Could not authorize you against Realms server: Invalid session id
[20:58:58] [main/INFO] (Minecraft) OpenAL initialized.
[20:58:58] [main/INFO] (Minecraft) Sound engine started
[20:58:59] [main/INFO] (Minecraft) Created: 1024x1024x4 minecraft:textures/atlas/blocks.png-atlas
[20:58:59] [main/INFO] (Minecraft) Created: 256x128x4 minecraft:textures/atlas/signs.png-atlas
[20:58:59] [main/INFO] (Minecraft) Created: 1024x512x4 minecraft:textures/atlas/banner_patterns.png-atlas
[20:58:59] [main/INFO] (Minecraft) Created: 1024x512x4 minecraft:textures/atlas/shield_patterns.png-atlas
[20:58:59] [main/INFO] (Minecraft) Created: 256x256x4 minecraft:textures/atlas/chest.png-atlas
[20:58:59] [main/INFO] (Minecraft) Created: 512x256x4 minecraft:textures/atlas/beds.png-atlas
[20:58:59] [main/INFO] (Minecraft) Created: 512x256x4 minecraft:textures/atlas/shulker_boxes.png-atlas
[20:59:00] [main/INFO] (Minecraft) Created: 256x256x0 minecraft:textures/atlas/particles.png-atlas
[20:59:00] [main/INFO] (Minecraft) Created: 256x256x0 minecraft:textures/atlas/paintings.png-atlas
[20:59:00] [main/INFO] (Minecraft) Created: 256x128x0 minecraft:textures/atlas/mob_effects.png-atlas
[20:59:12] [main/WARN] (Minecraft) Ambiguity between arguments [teleport, destination] and [teleport, targets] with inputs: [Player, 0123, @e, dd12be42-52a9-4a91-a8a1-11c01849e498]
[20:59:12] [main/WARN] (Minecraft) Ambiguity between arguments [teleport, location] and [teleport, destination] with inputs: [0.1 -0.5 .9, 0 0 0]
[20:59:12] [main/WARN] (Minecraft) Ambiguity between arguments [teleport, location] and [teleport, targets] with inputs: [0.1 -0.5 .9, 0 0 0]
[20:59:12] [main/WARN] (Minecraft) Ambiguity between arguments [teleport, targets] and [teleport, destination] with inputs: [Player, 0123, dd12be42-52a9-4a91-a8a1-11c01849e498]
[20:59:12] [main/WARN] (Minecraft) Ambiguity between arguments [teleport, targets, location] and [teleport, targets, destination] with inputs: [0.1 -0.5 .9, 0 0 0]
[20:59:12] [main/INFO] (Minecraft) Reloading ResourceManager: Default, Fabric Tool Attribute API (v1)
[20:59:14] [main/INFO] (Minecraft) Loaded 7 recipes
[20:59:15] [main/INFO] (Minecraft) Loaded 927 advancements
[20:59:15] [main/INFO] (BiomeModificationImpl) Applied 0 biome modifications to 0 of 79 new biomes in 2.624 ms
[20:59:17] [main/INFO] (Minecraft) Environment: authHost='https://authserver.mojang.com', accountsHost='https://api.mojang.com', sessionHost='https://sessionserver.mojang.com', servicesHost='https://api.minecraftservices.com', name='PROD'
[20:59:17] [Server thread/INFO] (Minecraft) Starting integrated minecraft server version 1.16.5
[20:59:17] [Server thread/INFO] (Minecraft) Generating keypair
[20:59:18] [Server thread/INFO] (Minecraft) Preparing start region for dimension minecraft:overworld
[20:59:20] [main/INFO] (Minecraft) Preparing spawn area: 0%
[20:59:20] [main/INFO] (Minecraft) Preparing spawn area: 0%
[20:59:20] [main/INFO] (Minecraft) Preparing spawn area: 0%
[20:59:20] [main/INFO] (Minecraft) Preparing spawn area: 0%
[20:59:20] [main/INFO] (Minecraft) Preparing spawn area: 0%
[20:59:21] [main/INFO] (Minecraft) Preparing spawn area: 0%
[20:59:21] [main/INFO] (Minecraft) Preparing spawn area: 62%
[20:59:21] [main/INFO] (Minecraft) Time elapsed: 3418 ms
[20:59:22] [Server thread/INFO] (Minecraft) Changing view distance to 11, from 10
[20:59:24] [Server thread/INFO] (Minecraft) Player77[local:E:87356533] logged in with entity id 160 at (-207.29480800848594, 100.652128992347, -11.658942421033263)
[20:59:24] [Server thread/INFO] (Minecraft) Player77 joined the game
[20:59:24] [Server thread/INFO] (Minecraft) Saving and pausing game...
[20:59:24] [Server thread/INFO] (Minecraft) Saving chunks for level 'ServerLevel[New World]'/minecraft:overworld
[20:59:25] [main/INFO] (Minecraft) Loaded 0 advancements
[20:59:26] [Server thread/INFO] (Minecraft) Saving chunks for level 'ServerLevel[New World]'/minecraft:the_nether
[20:59:26] [Server thread/INFO] (Minecraft) Saving chunks for level 'ServerLevel[New World]'/minecraft:the_end
[20:59:26] [Server thread/WARN] (Minecraft) Can't keep up! Is the server overloaded? Running 3184ms or 63 ticks behind
[20:59:28] [main/INFO] (Minecraft) [CHAT] [Debug]: Unable to switch gamemode; no permission
[20:59:38] [Server thread/INFO] (Minecraft) Saving and pausing game...
[20:59:38] [Server thread/INFO] (Minecraft) Saving chunks for level 'ServerLevel[New World]'/minecraft:overworld
[20:59:39] [Server thread/INFO] (Minecraft) Saving chunks for level 'ServerLevel[New World]'/minecraft:the_nether
[20:59:39] [Server thread/INFO] (Minecraft) Saving chunks for level 'ServerLevel[New World]'/minecraft:the_end
[20:59:40] [main/INFO] (Minecraft) Using default channel type
[20:59:40] [main/INFO] (Minecraft) Started serving on 37553
[20:59:40] [main/INFO] (Minecraft) [CHAT] Local game hosted on port 37553
[20:59:44] [Server thread/INFO] (Minecraft) [Player77: Set own game mode to Survival Mode]
[20:59:44] [main/INFO] (Minecraft) [CHAT] Set own game mode to Survival Mode
[20:59:46] [Server thread/INFO] (Minecraft) [Player77: Set own game mode to Creative Mode]
[20:59:46] [main/INFO] (Minecraft) [CHAT] Set own game mode to Creative Mode
[20:59:50] [Server thread/INFO] (Minecraft) Player77 lost connection: Disconnected
[20:59:50] [Server thread/INFO] (Minecraft) Player77 left the game
[20:59:50] [Server thread/INFO] (Minecraft) Stopping singleplayer server as player logged out
[20:59:50] [Server thread/INFO] (Minecraft) Stopping server
[20:59:50] [Server thread/INFO] (Minecraft) Saving players
[20:59:50] [Server thread/INFO] (Minecraft) Saving worlds
[20:59:50] [Server thread/INFO] (Minecraft) Saving chunks for level 'ServerLevel[New World]'/minecraft:overworld
[20:59:51] [Server thread/INFO] (Minecraft) ThreadedAnvilChunkStorage (New World): All chunks are saved
[20:59:51] [Server thread/INFO] (Minecraft) Saving chunks for level 'ServerLevel[New World]'/minecraft:the_nether
[20:59:51] [Server thread/INFO] (Minecraft) ThreadedAnvilChunkStorage (DIM-1): All chunks are saved
[20:59:51] [Server thread/INFO] (Minecraft) Saving chunks for level 'ServerLevel[New World]'/minecraft:the_end
[20:59:51] [Server thread/INFO] (Minecraft) ThreadedAnvilChunkStorage (DIM1): All chunks are saved
[20:59:51] [Server thread/INFO] (Minecraft) ThreadedAnvilChunkStorage (New World): All chunks are saved
[20:59:51] [Server thread/INFO] (Minecraft) ThreadedAnvilChunkStorage (DIM-1): All chunks are saved
[20:59:51] [Server thread/INFO] (Minecraft) ThreadedAnvilChunkStorage (DIM1): All chunks are saved
[21:00:15] [main/INFO] (Minecraft) Stopping!
